<?xml version="1.0" encoding="UTF-8"?>
<!-- Generated by org.testng.reporters.JUnitReportReporter -->
<testsuite skipped="0" hostname="7LG-BJXMFH2" name="com.pjm.TestScripts.ValidateCredientialsTest" tests="1" failures="0" timestamp="10 Jun 2019 19:21:37 GMT" time="11.154" errors="0">
  <testcase name="checkCredientials" time="11.154" classname="com.pjm.TestScripts.ValidateCredientialsTest"/>
</testsuite> <!-- com.pjm.TestScripts.ValidateCredientialsTest -->
