<?xml version="1.0" encoding="UTF-8"?>
<!-- Generated by org.testng.reporters.JUnitReportReporter -->
<testsuite skipped="0" hostname="7LG-BJXMFH2" name="com.pjm.TestScripts.ValidateCredientialsTest" tests="1" failures="0" timestamp="11 Jun 2019 17:56:50 GMT" time="17.019" errors="0">
  <testcase name="checkCredientials" time="17.019" classname="com.pjm.TestScripts.ValidateCredientialsTest"/>
</testsuite> <!-- com.pjm.TestScripts.ValidateCredientialsTest -->
