<?xml version="1.0" encoding="UTF-8"?>
<!-- Generated by org.testng.reporters.JUnitReportReporter -->
<testsuite skipped="0" hostname="7LG-BJXMFH2" name="com.pjm.TestScripts.ValidateCredientialsTest" tests="1" failures="0" timestamp="28 May 2019 17:24:02 GMT" time="15.848" errors="0">
  <testcase name="checkCredientials" time="15.848" classname="com.pjm.TestScripts.ValidateCredientialsTest"/>
</testsuite> <!-- com.pjm.TestScripts.ValidateCredientialsTest -->
