<?xml version="1.0" encoding="UTF-8"?>
<!-- Generated by org.testng.reporters.JUnitReportReporter -->
<testsuite skipped="0" hostname="7LG-BJXMFH2" name="com.newtours.demoaut.Tests.validateLogin" tests="1" failures="0" timestamp="25 May 2019 16:26:14 GMT" time="0.009" errors="0">
  <testcase name="validateLogin" time="0.009" classname="com.newtours.demoaut.Tests.validateLogin"/>
</testsuite> <!-- com.newtours.demoaut.Tests.validateLogin -->
